<?xml version="1.0" encoding="UTF-8"?>
<testsuite name="g11.model.MapComponentTest" tests="5" skipped="0" failures="0" errors="0" timestamp="2020-05-03T16:25:53" hostname="BESTA-DO-TRABAL" time="0.055">
  <properties/>
  <testcase name="FixedCreation" classname="g11.model.MapComponentTest" time="0.001"/>
  <testcase name="PacManMovement" classname="g11.model.MapComponentTest" time="0.001"/>
  <testcase name="GhostCreation" classname="g11.model.MapComponentTest" time="0.003"/>
  <testcase name="PacManCreation" classname="g11.model.MapComponentTest" time="0.048"/>
  <testcase name="PacManChange" classname="g11.model.MapComponentTest" time="0.001"/>
  <system-out><![CDATA[]]></system-out>
  <system-err><![CDATA[]]></system-err>
</testsuite>
