<?xml version="1.0" encoding="UTF-8"?>
<testsuite name="g11.model.MapTest" tests="2" skipped="0" failures="0" errors="0" timestamp="2020-05-03T16:25:53" hostname="BESTA-DO-TRABAL" time="0.162">
  <properties/>
  <testcase name="MapChange" classname="g11.model.MapTest" time="0.161"/>
  <testcase name="MapCreation" classname="g11.model.MapTest" time="0.001"/>
  <system-out><![CDATA[]]></system-out>
  <system-err><![CDATA[]]></system-err>
</testsuite>
