<?xml version="1.0" encoding="UTF-8"?>
<testsuite name="g11.model.OrientationTest" tests="1" skipped="0" failures="0" errors="0" timestamp="2020-05-03T16:25:53" hostname="BESTA-DO-TRABAL" time="0.0">
  <properties/>
  <testcase name="OrientationValuesTest" classname="g11.model.OrientationTest" time="0.0"/>
  <system-out><![CDATA[]]></system-out>
  <system-err><![CDATA[]]></system-err>
</testsuite>
