<?xml version="1.0" encoding="UTF-8"?>
<testsuite name="g11.model.GameStatsTest" tests="2" skipped="0" failures="0" errors="0" timestamp="2020-05-03T16:25:53" hostname="BESTA-DO-TRABAL" time="0.001">
  <properties/>
  <testcase name="GameStatsChange" classname="g11.model.GameStatsTest" time="0.001"/>
  <testcase name="GameStatsCreation" classname="g11.model.GameStatsTest" time="0.0"/>
  <system-out><![CDATA[]]></system-out>
  <system-err><![CDATA[]]></system-err>
</testsuite>
